<?xml version="1.0" encoding="UTF-8"?>
<testng-results ignored="0" total="1" passed="1" failed="0" skipped="0">
  <reporter-output>
  </reporter-output>
  <suite started-at="2025-06-08T22:42:30 IST" name="Suite" finished-at="2025-06-08T22:42:44 IST" duration-ms="14026">
    <groups>
    </groups>
    <test started-at="2025-06-08T22:42:30 IST" name="AirNavRadarTest" finished-at="2025-06-08T22:42:44 IST" duration-ms="14026">
      <class name="testclasses.AirNavRadar">
        <test-method signature="runthisclass()[pri:0, instance:testclasses.AirNavRadar@3835c46]" started-at="2025-06-08T22:42:30 IST" name="runthisclass" finished-at="2025-06-08T22:42:44 IST" duration-ms="13992" status="PASS">
          <reporter-output>
          </reporter-output>
        </test-method> <!-- runthisclass -->
      </class> <!-- testclasses.AirNavRadar -->
    </test> <!-- AirNavRadarTest -->
  </suite> <!-- Suite -->
</testng-results>
